<?xml version="1.0" encoding="UTF-8"?>
<!-- Generated by org.testng.reporters.JUnitReportReporter -->
<testsuite skipped="0" hostname="Z-CEN528B2BN24" name="output.PrinterOutputStubTest" tests="2" failures="0" timestamp="16 kwi 2019 08:59:28 GMT" time="0.094" errors="0">
  <testcase name="writeTextCreatesFileTest" time="0.016" classname="output.PrinterOutputStubTest"/>
  <testcase name="writeTextTest" time="0.078" classname="output.PrinterOutputStubTest"/>
</testsuite> <!-- output.PrinterOutputStubTest -->
