<?xml version="1.0" encoding="UTF-8"?>
<!-- Generated by org.testng.reporters.JUnitReportReporter -->
<testsuite skipped="0" hostname="Z-CEN528B2BN24" name="sale.SaleTest" tests="8" failures="0" timestamp="16 kwi 2019 08:59:27 GMT" time="0.031" errors="0">
  <testcase name="scanProductWithUnknownBarcodeTest" time="0.000" classname="sale.SaleTest"/>
  <testcase name="scanProductWithNullBarcodeTest" time="0.000" classname="sale.SaleTest"/>
  <testcase name="scannedProductIsOnReceiptTest" time="0.000" classname="sale.SaleTest"/>
  <testcase name="scanProductWithZeroBarcodeTest" time="0.000" classname="sale.SaleTest"/>
  <testcase name="endingSaleSumAllPricesTest" time="0.015" classname="sale.SaleTest"/>
  <testcase name="scannedProductIsPrintedOnScreenTest" time="0.000" classname="sale.SaleTest"/>
  <testcase name="endingSalePrintsSumOnScreenTest" time="0.000" classname="sale.SaleTest"/>
  <testcase name="endingSalePrintsRecipeOnPrinterTest" time="0.016" classname="sale.SaleTest"/>
</testsuite> <!-- sale.SaleTest -->
