<?xml version="1.0" encoding="UTF-8"?>
<!-- Generated by org.testng.reporters.JUnitReportReporter -->
<testsuite skipped="0" hostname="Z-CEN528B2BN24" name="output.ScreenOutputStubTest" tests="2" failures="0" timestamp="16 kwi 2019 08:59:28 GMT" time="0.000" errors="0">
  <testcase name="writeTextTest" time="0.000" classname="output.ScreenOutputStubTest"/>
  <testcase name="writeTextCreatesFileTest" time="0.000" classname="output.ScreenOutputStubTest"/>
</testsuite> <!-- output.ScreenOutputStubTest -->
