<?xml version="1.0" encoding="UTF-8"?>
<!-- Generated by org.testng.reporters.JUnitReportReporter -->
<testsuite skipped="0" hostname="Z-CEN528B2BN24" name="dbstub.ProductsDBStubTest" tests="7" failures="0" timestamp="16 kwi 2019 08:59:27 GMT" time="0.000" errors="0">
  <testcase name="addProductWithExistingBarcodeTest" time="0.000" classname="dbstub.ProductsDBStubTest"/>
  <testcase name="addProductWithZeroBarcodeTest" time="0.000" classname="dbstub.ProductsDBStubTest"/>
  <testcase name="addProductsInBatchTest" time="0.000" classname="dbstub.ProductsDBStubTest"/>
  <testcase name="findProductByBarcodeTest" time="0.000" classname="dbstub.ProductsDBStubTest"/>
  <testcase name="isBarcodeInDBTest" time="0.000" classname="dbstub.ProductsDBStubTest"/>
  <testcase name="addProductWithNullBarcodeTest" time="0.000" classname="dbstub.ProductsDBStubTest"/>
  <testcase name="addProductTest" time="0.000" classname="dbstub.ProductsDBStubTest"/>
</testsuite> <!-- dbstub.ProductsDBStubTest -->
